0 info it worked if it ends with ok
1 verbose cli [ 'c:\\Program Files\\nodejs\\node.exe',
1 verbose cli   'c:\\Program Files\\nodejs\\node_modules\\npm\\bin\\npm-cli.js',
1 verbose cli   'install',
1 verbose cli   'bcrypt',
1 verbose cli   '--save' ]
2 info using npm@2.14.7
3 info using node@v4.2.1
4 verbose install initial load of d:\nodejs\freedom\package.json
5 verbose installManyTop reading scoped package data from d:\nodejs\freedom\node_modules\body-parser\package.json
6 verbose installManyTop reading scoped package data from d:\nodejs\freedom\node_modules\cookie-parser\package.json
7 verbose installManyTop reading scoped package data from d:\nodejs\freedom\node_modules\debug\package.json
8 verbose installManyTop reading scoped package data from d:\nodejs\freedom\node_modules\express\package.json
9 verbose installManyTop reading scoped package data from d:\nodejs\freedom\node_modules\jade\package.json
10 verbose installManyTop reading scoped package data from d:\nodejs\freedom\node_modules\monk\package.json
11 verbose installManyTop reading scoped package data from d:\nodejs\freedom\node_modules\morgan\package.json
12 verbose installManyTop reading scoped package data from d:\nodejs\freedom\node_modules\node-gyp\package.json
13 verbose installManyTop reading scoped package data from d:\nodejs\freedom\node_modules\passport\package.json
14 verbose installManyTop reading scoped package data from d:\nodejs\freedom\node_modules\serve-favicon\package.json
15 info package.json monk@1.0.1 No license field.
16 verbose readDependencies loading dependencies from d:\nodejs\freedom\package.json
17 silly cache add args [ 'bcrypt', null ]
18 verbose cache add spec bcrypt
19 silly cache add parsed spec Result {
19 silly cache add   raw: 'bcrypt',
19 silly cache add   scope: null,
19 silly cache add   name: 'bcrypt',
19 silly cache add   rawSpec: '',
19 silly cache add   spec: '*',
19 silly cache add   type: 'range' }
20 silly addNamed bcrypt@*
21 verbose addNamed "*" is a valid semver range for bcrypt
22 silly addNameRange { name: 'bcrypt', range: '*', hasData: false }
23 silly mapToRegistry name bcrypt
24 silly mapToRegistry using default registry
25 silly mapToRegistry registry https://registry.npmjs.org/
26 silly mapToRegistry uri https://registry.npmjs.org/bcrypt
27 verbose addNameRange registry:https://registry.npmjs.org/bcrypt not in flight; fetching
28 verbose request uri https://registry.npmjs.org/bcrypt
29 verbose request no auth needed
30 info attempt registry request try #1 at 3:57:27 PM
31 verbose request id af463f31819bbc4d
32 verbose etag "8MIE4A7QKRLFZH9ARZ81AYQ8V"
33 http request GET https://registry.npmjs.org/bcrypt
34 http 304 https://registry.npmjs.org/bcrypt
35 verbose headers { date: 'Fri, 06 Nov 2015 10:27:44 GMT',
35 verbose headers   via: '1.1 varnish',
35 verbose headers   'cache-control': 'max-age=60',
35 verbose headers   etag: '"8MIE4A7QKRLFZH9ARZ81AYQ8V"',
35 verbose headers   age: '0',
35 verbose headers   connection: 'keep-alive',
35 verbose headers   'x-served-by': 'cache-sjc3128-SJC',
35 verbose headers   'x-cache': 'HIT',
35 verbose headers   'x-cache-hits': '1',
35 verbose headers   'x-timer': 'S1446805664.345976,VS0,VE39',
35 verbose headers   vary: 'Accept' }
36 silly get cb [ 304,
36 silly get   { date: 'Fri, 06 Nov 2015 10:27:44 GMT',
36 silly get     via: '1.1 varnish',
36 silly get     'cache-control': 'max-age=60',
36 silly get     etag: '"8MIE4A7QKRLFZH9ARZ81AYQ8V"',
36 silly get     age: '0',
36 silly get     connection: 'keep-alive',
36 silly get     'x-served-by': 'cache-sjc3128-SJC',
36 silly get     'x-cache': 'HIT',
36 silly get     'x-cache-hits': '1',
36 silly get     'x-timer': 'S1446805664.345976,VS0,VE39',
36 silly get     vary: 'Accept' } ]
37 verbose etag https://registry.npmjs.org/bcrypt from cache
38 verbose get saving bcrypt to C:\Users\mohammad.faizan\AppData\Roaming\npm-cache\registry.npmjs.org\bcrypt\.cache.json
39 silly addNameRange number 2 { name: 'bcrypt', range: '*', hasData: true }
40 silly addNameRange versions [ 'bcrypt',
40 silly addNameRange   [ '0.1.2',
40 silly addNameRange     '0.2.0',
40 silly addNameRange     '0.2.1',
40 silly addNameRange     '0.1.3',
40 silly addNameRange     '0.2.2',
40 silly addNameRange     '0.2.3',
40 silly addNameRange     '0.2.4',
40 silly addNameRange     '0.3.0',
40 silly addNameRange     '0.3.1',
40 silly addNameRange     '0.3.2',
40 silly addNameRange     '0.4.0',
40 silly addNameRange     '0.4.1',
40 silly addNameRange     '0.5.0',
40 silly addNameRange     '0.6.0',
40 silly addNameRange     '0.7.0',
40 silly addNameRange     '0.7.1',
40 silly addNameRange     '0.7.2',
40 silly addNameRange     '0.7.3',
40 silly addNameRange     '0.7.4',
40 silly addNameRange     '0.7.5',
40 silly addNameRange     '0.7.6',
40 silly addNameRange     '0.7.7',
40 silly addNameRange     '0.7.8',
40 silly addNameRange     '0.8.0',
40 silly addNameRange     '0.8.1',
40 silly addNameRange     '0.8.2',
40 silly addNameRange     '0.8.3',
40 silly addNameRange     '0.8.4',
40 silly addNameRange     '0.8.5' ] ]
41 silly addNamed bcrypt@0.8.5
42 verbose addNamed "0.8.5" is a plain semver version for bcrypt
43 silly cache afterAdd bcrypt@0.8.5
44 verbose afterAdd C:\Users\mohammad.faizan\AppData\Roaming\npm-cache\bcrypt\0.8.5\package\package.json not in flight; writing
45 verbose afterAdd C:\Users\mohammad.faizan\AppData\Roaming\npm-cache\bcrypt\0.8.5\package\package.json written
46 silly install resolved [ { name: 'bcrypt',
46 silly install resolved     description: 'A bcrypt library for NodeJS.',
46 silly install resolved     keywords:
46 silly install resolved      [ 'bcrypt',
46 silly install resolved        'password',
46 silly install resolved        'auth',
46 silly install resolved        'authentication',
46 silly install resolved        'encryption',
46 silly install resolved        'crypt',
46 silly install resolved        'crypto' ],
46 silly install resolved     main: './bcrypt',
46 silly install resolved     version: '0.8.5',
46 silly install resolved     author: { name: 'Nick Campbell', url: 'https://github.com/ncb000gt' },
46 silly install resolved     engines: { node: '>= 0.6.0' },
46 silly install resolved     repository:
46 silly install resolved      { type: 'git',
46 silly install resolved        url: 'git+https://github.com/ncb000gt/node.bcrypt.js.git' },
46 silly install resolved     license: 'MIT',
46 silly install resolved     bugs: { url: 'https://github.com/ncb000gt/node.bcrypt.js/issues' },
46 silly install resolved     scripts:
46 silly install resolved      { test: 'node-gyp configure build && nodeunit test',
46 silly install resolved        install: 'node-gyp rebuild' },
46 silly install resolved     dependencies: { bindings: '1.2.1', nan: '2.0.5' },
46 silly install resolved     devDependencies: { nodeunit: '~0.9.1' },
46 silly install resolved     contributors:
46 silly install resolved      [ [Object],
46 silly install resolved        [Object],
46 silly install resolved        [Object],
46 silly install resolved        [Object],
46 silly install resolved        [Object],
46 silly install resolved        [Object],
46 silly install resolved        [Object],
46 silly install resolved        [Object],
46 silly install resolved        [Object],
46 silly install resolved        [Object],
46 silly install resolved        [Object],
46 silly install resolved        [Object],
46 silly install resolved        [Object],
46 silly install resolved        [Object] ],
46 silly install resolved     gypfile: true,
46 silly install resolved     gitHead: '5d97708f06754d7d7989c67ba867002d10013615',
46 silly install resolved     homepage: 'https://github.com/ncb000gt/node.bcrypt.js#readme',
46 silly install resolved     _id: 'bcrypt@0.8.5',
46 silly install resolved     _shasum: '8e5b81b4db80e944f440005979ca8d58a961861d',
46 silly install resolved     _from: 'bcrypt@*',
46 silly install resolved     _npmVersion: '2.13.3',
46 silly install resolved     _nodeVersion: '3.0.0',
46 silly install resolved     _npmUser: { name: 'defunctzombie', email: 'shtylman@gmail.com' },
46 silly install resolved     dist:
46 silly install resolved      { shasum: '8e5b81b4db80e944f440005979ca8d58a961861d',
46 silly install resolved        tarball: 'http://registry.npmjs.org/bcrypt/-/bcrypt-0.8.5.tgz' },
46 silly install resolved     maintainers: [ [Object], [Object], [Object], [Object] ],
46 silly install resolved     directories: {},
46 silly install resolved     _resolved: 'https://registry.npmjs.org/bcrypt/-/bcrypt-0.8.5.tgz',
46 silly install resolved     readme: 'ERROR: No README data found!' } ]
47 info install bcrypt@0.8.5 into d:\nodejs\freedom
48 info installOne bcrypt@0.8.5
49 verbose installOne of bcrypt to d:\nodejs\freedom not in flight; installing
50 verbose lock using C:\Users\mohammad.faizan\AppData\Roaming\npm-cache\_locks\bcrypt-b7344966a30aabc8.lock for d:\nodejs\freedom\node_modules\bcrypt
51 silly install write writing bcrypt 0.8.5 to d:\nodejs\freedom\node_modules\bcrypt
52 verbose unbuild node_modules\bcrypt
53 silly gentlyRm d:\nodejs\freedom\node_modules\bcrypt is being purged from base d:\nodejs\freedom
54 verbose gentlyRm don't care about contents; nuking d:\nodejs\freedom\node_modules\bcrypt
55 verbose tar unpack C:\Users\mohammad.faizan\AppData\Roaming\npm-cache\bcrypt\0.8.5\package.tgz
56 verbose tar unpacking to d:\nodejs\freedom\node_modules\bcrypt
57 silly gentlyRm d:\nodejs\freedom\node_modules\bcrypt is being purged
58 verbose gentlyRm don't care about contents; nuking d:\nodejs\freedom\node_modules\bcrypt
59 silly gunzTarPerm modes [ '777', '666' ]
60 silly gunzTarPerm extractEntry package.json
61 silly gunzTarPerm modified mode [ 'package.json', 420, 438 ]
62 silly gunzTarPerm extractEntry .npmignore
63 silly gunzTarPerm modified mode [ '.npmignore', 420, 438 ]
64 silly gunzTarPerm extractEntry README.md
65 silly gunzTarPerm modified mode [ 'README.md', 420, 438 ]
66 silly gunzTarPerm extractEntry LICENSE
67 silly gunzTarPerm modified mode [ 'LICENSE', 420, 438 ]
68 silly gunzTarPerm extractEntry bcrypt.js
69 silly gunzTarPerm modified mode [ 'bcrypt.js', 420, 438 ]
70 silly gunzTarPerm extractEntry binding.gyp
71 silly gunzTarPerm modified mode [ 'binding.gyp', 420, 438 ]
72 silly gunzTarPerm extractEntry .travis.yml
73 silly gunzTarPerm modified mode [ '.travis.yml', 420, 438 ]
74 silly gunzTarPerm extractEntry CHANGELOG.md
75 silly gunzTarPerm modified mode [ 'CHANGELOG.md', 420, 438 ]
76 silly gunzTarPerm extractEntry examples/async_compare.js
77 silly gunzTarPerm modified mode [ 'examples/async_compare.js', 420, 438 ]
78 silly gunzTarPerm extractEntry examples/forever_gen_salt.js
79 silly gunzTarPerm modified mode [ 'examples/forever_gen_salt.js', 420, 438 ]
80 silly gunzTarPerm extractEntry test/async.js
81 silly gunzTarPerm modified mode [ 'test/async.js', 420, 438 ]
82 silly gunzTarPerm extractEntry test/repetitions.js
83 silly gunzTarPerm modified mode [ 'test/repetitions.js', 420, 438 ]
84 silly gunzTarPerm extractEntry test/sync.js
85 silly gunzTarPerm modified mode [ 'test/sync.js', 420, 438 ]
86 silly gunzTarPerm extractEntry Makefile
87 silly gunzTarPerm modified mode [ 'Makefile', 420, 438 ]
88 silly gunzTarPerm extractEntry src/bcrypt.cc
89 silly gunzTarPerm modified mode [ 'src/bcrypt.cc', 420, 438 ]
90 silly gunzTarPerm extractEntry src/bcrypt_node.cc
91 silly gunzTarPerm modified mode [ 'src/bcrypt_node.cc', 420, 438 ]
92 silly gunzTarPerm extractEntry src/blowfish.cc
93 silly gunzTarPerm modified mode [ 'src/blowfish.cc', 420, 438 ]
94 silly gunzTarPerm extractEntry src/node_blf.h
95 silly gunzTarPerm modified mode [ 'src/node_blf.h', 420, 438 ]
96 silly gunzTarPerm extractEntry werker.yml
97 silly gunzTarPerm modified mode [ 'werker.yml', 420, 438 ]
98 verbose write writing to d:\nodejs\freedom\node_modules\bcrypt\package.json
99 info preinstall bcrypt@0.8.5
100 verbose readDependencies loading dependencies from d:\nodejs\freedom\node_modules\bcrypt\package.json
101 silly prepareForInstallMany adding bindings@1.2.1 from bcrypt dependencies
102 silly prepareForInstallMany adding nan@2.0.5 from bcrypt dependencies
103 verbose readDependencies loading dependencies from d:\nodejs\freedom\node_modules\bcrypt\package.json
104 silly cache add args [ 'bindings@1.2.1', null ]
105 verbose cache add spec bindings@1.2.1
106 silly cache add args [ 'nan@2.0.5', null ]
107 verbose cache add spec nan@2.0.5
108 silly cache add parsed spec Result {
108 silly cache add   raw: 'bindings@1.2.1',
108 silly cache add   scope: null,
108 silly cache add   name: 'bindings',
108 silly cache add   rawSpec: '1.2.1',
108 silly cache add   spec: '1.2.1',
108 silly cache add   type: 'version' }
109 silly addNamed bindings@1.2.1
110 verbose addNamed "1.2.1" is a plain semver version for bindings
111 silly mapToRegistry name bindings
112 silly mapToRegistry using default registry
113 silly mapToRegistry registry https://registry.npmjs.org/
114 silly mapToRegistry uri https://registry.npmjs.org/bindings
115 verbose addNameVersion registry:https://registry.npmjs.org/bindings not in flight; fetching
116 silly cache add parsed spec Result {
116 silly cache add   raw: 'nan@2.0.5',
116 silly cache add   scope: null,
116 silly cache add   name: 'nan',
116 silly cache add   rawSpec: '2.0.5',
116 silly cache add   spec: '2.0.5',
116 silly cache add   type: 'version' }
117 silly addNamed nan@2.0.5
118 verbose addNamed "2.0.5" is a plain semver version for nan
119 silly mapToRegistry name nan
120 silly mapToRegistry using default registry
121 silly mapToRegistry registry https://registry.npmjs.org/
122 silly mapToRegistry uri https://registry.npmjs.org/nan
123 verbose addNameVersion registry:https://registry.npmjs.org/nan not in flight; fetching
124 verbose request uri https://registry.npmjs.org/bindings
125 verbose request no auth needed
126 info attempt registry request try #1 at 3:57:29 PM
127 verbose etag "9T1GC8LK3NF0OJU9OPHCFIKS3"
128 http request GET https://registry.npmjs.org/bindings
129 verbose request uri https://registry.npmjs.org/nan
130 verbose request no auth needed
131 info attempt registry request try #1 at 3:57:29 PM
132 verbose etag "CJ3ZKOY24CWA1LM0KQ4KE7PG1"
133 http request GET https://registry.npmjs.org/nan
134 http 304 https://registry.npmjs.org/bindings
135 verbose headers { date: 'Fri, 06 Nov 2015 10:27:45 GMT',
135 verbose headers   via: '1.1 varnish',
135 verbose headers   'cache-control': 'max-age=60',
135 verbose headers   etag: '"9T1GC8LK3NF0OJU9OPHCFIKS3"',
135 verbose headers   age: '38',
135 verbose headers   connection: 'keep-alive',
135 verbose headers   'x-served-by': 'cache-sjc3127-SJC',
135 verbose headers   'x-cache': 'HIT',
135 verbose headers   'x-cache-hits': '1',
135 verbose headers   'x-timer': 'S1446805665.441550,VS0,VE0',
135 verbose headers   vary: 'Accept' }
136 silly get cb [ 304,
136 silly get   { date: 'Fri, 06 Nov 2015 10:27:45 GMT',
136 silly get     via: '1.1 varnish',
136 silly get     'cache-control': 'max-age=60',
136 silly get     etag: '"9T1GC8LK3NF0OJU9OPHCFIKS3"',
136 silly get     age: '38',
136 silly get     connection: 'keep-alive',
136 silly get     'x-served-by': 'cache-sjc3127-SJC',
136 silly get     'x-cache': 'HIT',
136 silly get     'x-cache-hits': '1',
136 silly get     'x-timer': 'S1446805665.441550,VS0,VE0',
136 silly get     vary: 'Accept' } ]
137 verbose etag https://registry.npmjs.org/bindings from cache
138 verbose get saving bindings to C:\Users\mohammad.faizan\AppData\Roaming\npm-cache\registry.npmjs.org\bindings\.cache.json
139 http 304 https://registry.npmjs.org/nan
140 verbose headers { date: 'Fri, 06 Nov 2015 10:27:45 GMT',
140 verbose headers   via: '1.1 varnish',
140 verbose headers   'cache-control': 'max-age=60',
140 verbose headers   etag: '"CJ3ZKOY24CWA1LM0KQ4KE7PG1"',
140 verbose headers   age: '38',
140 verbose headers   connection: 'keep-alive',
140 verbose headers   'x-served-by': 'cache-sjc3127-SJC',
140 verbose headers   'x-cache': 'HIT',
140 verbose headers   'x-cache-hits': '1',
140 verbose headers   'x-timer': 'S1446805665.453762,VS0,VE0',
140 verbose headers   vary: 'Accept' }
141 silly get cb [ 304,
141 silly get   { date: 'Fri, 06 Nov 2015 10:27:45 GMT',
141 silly get     via: '1.1 varnish',
141 silly get     'cache-control': 'max-age=60',
141 silly get     etag: '"CJ3ZKOY24CWA1LM0KQ4KE7PG1"',
141 silly get     age: '38',
141 silly get     connection: 'keep-alive',
141 silly get     'x-served-by': 'cache-sjc3127-SJC',
141 silly get     'x-cache': 'HIT',
141 silly get     'x-cache-hits': '1',
141 silly get     'x-timer': 'S1446805665.453762,VS0,VE0',
141 silly get     vary: 'Accept' } ]
142 verbose etag https://registry.npmjs.org/nan from cache
143 verbose get saving nan to C:\Users\mohammad.faizan\AppData\Roaming\npm-cache\registry.npmjs.org\nan\.cache.json
144 silly cache afterAdd bindings@1.2.1
145 verbose afterAdd C:\Users\mohammad.faizan\AppData\Roaming\npm-cache\bindings\1.2.1\package\package.json not in flight; writing
146 verbose afterAdd C:\Users\mohammad.faizan\AppData\Roaming\npm-cache\bindings\1.2.1\package\package.json written
147 silly cache afterAdd nan@2.0.5
148 verbose afterAdd C:\Users\mohammad.faizan\AppData\Roaming\npm-cache\nan\2.0.5\package\package.json not in flight; writing
149 verbose afterAdd C:\Users\mohammad.faizan\AppData\Roaming\npm-cache\nan\2.0.5\package\package.json written
150 silly install resolved [ { name: 'bindings',
150 silly install resolved     description: 'Helper module for loading your native module\'s .node file',
150 silly install resolved     keywords: [ 'native', 'addon', 'bindings', 'gyp', 'waf', 'c', 'c++' ],
150 silly install resolved     version: '1.2.1',
150 silly install resolved     author:
150 silly install resolved      { name: 'Nathan Rajlich',
150 silly install resolved        email: 'nathan@tootallnate.net',
150 silly install resolved        url: 'http://tootallnate.net' },
150 silly install resolved     repository:
150 silly install resolved      { type: 'git',
150 silly install resolved        url: 'git://github.com/TooTallNate/node-bindings.git' },
150 silly install resolved     main: './bindings.js',
150 silly install resolved     bugs: { url: 'https://github.com/TooTallNate/node-bindings/issues' },
150 silly install resolved     homepage: 'https://github.com/TooTallNate/node-bindings',
150 silly install resolved     license: 'MIT',
150 silly install resolved     gitHead: 'e404152ee27f8478ccbc7122ee051246e8e5ec02',
150 silly install resolved     _id: 'bindings@1.2.1',
150 silly install resolved     scripts: {},
150 silly install resolved     _shasum: '14ad6113812d2d37d72e67b4cacb4bb726505f11',
150 silly install resolved     _from: 'bindings@1.2.1',
150 silly install resolved     _npmVersion: '1.4.14',
150 silly install resolved     _npmUser: { name: 'tootallnate', email: 'nathan@tootallnate.net' },
150 silly install resolved     maintainers: [ [Object], [Object] ],
150 silly install resolved     dist:
150 silly install resolved      { shasum: '14ad6113812d2d37d72e67b4cacb4bb726505f11',
150 silly install resolved        tarball: 'http://registry.npmjs.org/bindings/-/bindings-1.2.1.tgz' },
150 silly install resolved     directories: {},
150 silly install resolved     _resolved: 'https://registry.npmjs.org/bindings/-/bindings-1.2.1.tgz',
150 silly install resolved     readme: 'ERROR: No README data found!' },
150 silly install resolved   { name: 'nan',
150 silly install resolved     version: '2.0.5',
150 silly install resolved     description: 'Native Abstractions for Node.js: C++ header for Node 0.8->0.12 compatibility',
150 silly install resolved     main: 'include_dirs.js',
150 silly install resolved     repository: { type: 'git', url: 'git://github.com/nodejs/nan.git' },
150 silly install resolved     scripts:
150 silly install resolved      { test: 'tap --gc test/js/*-test.js',
150 silly install resolved        'rebuild-tests': 'pangyp rebuild --msvs_version=2013 --directory test',
150 silly install resolved        docs: 'doc/.build.sh' },
150 silly install resolved     contributors:
150 silly install resolved      [ [Object],
150 silly install resolved        [Object],
150 silly install resolved        [Object],
150 silly install resolved        [Object],
150 silly install resolved        [Object],
150 silly install resolved        [Object],
150 silly install resolved        [Object] ],
150 silly install resolved     devDependencies:
150 silly install resolved      { bindings: '~1.2.1',
150 silly install resolved        'node-gyp': '~2.0.2',
150 silly install resolved        pangyp: '~2.2.0',
150 silly install resolved        tap: '~0.7.1',
150 silly install resolved        xtend: '~4.0.0' },
150 silly install resolved     license: 'MIT',
150 silly install resolved     gitHead: 'd13a2e9ce762fd130877b53c71d35963fa2cf689',
150 silly install resolved     bugs: { url: 'https://github.com/nodejs/nan/issues' },
150 silly install resolved     homepage: 'https://github.com/nodejs/nan#readme',
150 silly install resolved     _id: 'nan@2.0.5',
150 silly install resolved     _shasum: '365888014be1fd178db0cbfa258edf7b0cb1c408',
150 silly install resolved     _from: 'nan@2.0.5',
150 silly install resolved     _npmVersion: '2.13.3',
150 silly install resolved     _nodeVersion: '3.0.0',
150 silly install resolved     _npmUser: { name: 'kkoopa', email: 'bbyholm@abo.fi' },
150 silly install resolved     maintainers: [ [Object], [Object] ],
150 silly install resolved     dist:
150 silly install resolved      { shasum: '365888014be1fd178db0cbfa258edf7b0cb1c408',
150 silly install resolved        tarball: 'http://registry.npmjs.org/nan/-/nan-2.0.5.tgz' },
150 silly install resolved     directories: {},
150 silly install resolved     _resolved: 'https://registry.npmjs.org/nan/-/nan-2.0.5.tgz',
150 silly install resolved     readme: 'ERROR: No README data found!' } ]
151 info install bindings@1.2.1 into d:\nodejs\freedom\node_modules\bcrypt
152 info install nan@2.0.5 into d:\nodejs\freedom\node_modules\bcrypt
153 info installOne bindings@1.2.1
154 verbose installOne of bindings to d:\nodejs\freedom\node_modules\bcrypt not in flight; installing
155 info installOne nan@2.0.5
156 verbose installOne of nan to d:\nodejs\freedom\node_modules\bcrypt not in flight; installing
157 verbose lock using C:\Users\mohammad.faizan\AppData\Roaming\npm-cache\_locks\bindings-737590ae6d983e82.lock for d:\nodejs\freedom\node_modules\bcrypt\node_modules\bindings
158 verbose lock using C:\Users\mohammad.faizan\AppData\Roaming\npm-cache\_locks\nan-886f9dd9d8100b8e.lock for d:\nodejs\freedom\node_modules\bcrypt\node_modules\nan
159 silly install write writing bindings 1.2.1 to d:\nodejs\freedom\node_modules\bcrypt\node_modules\bindings
160 silly install write writing nan 2.0.5 to d:\nodejs\freedom\node_modules\bcrypt\node_modules\nan
161 verbose unbuild node_modules\bcrypt\node_modules\bindings
162 verbose unbuild node_modules\bcrypt\node_modules\nan
163 silly gentlyRm d:\nodejs\freedom\node_modules\bcrypt\node_modules\bindings is being purged from base d:\nodejs\freedom
164 verbose gentlyRm don't care about contents; nuking d:\nodejs\freedom\node_modules\bcrypt\node_modules\bindings
165 silly gentlyRm d:\nodejs\freedom\node_modules\bcrypt\node_modules\nan is being purged from base d:\nodejs\freedom
166 verbose gentlyRm don't care about contents; nuking d:\nodejs\freedom\node_modules\bcrypt\node_modules\nan
167 verbose tar unpack C:\Users\mohammad.faizan\AppData\Roaming\npm-cache\bindings\1.2.1\package.tgz
168 verbose tar unpacking to d:\nodejs\freedom\node_modules\bcrypt\node_modules\bindings
169 silly gentlyRm d:\nodejs\freedom\node_modules\bcrypt\node_modules\bindings is being purged
170 verbose gentlyRm don't care about contents; nuking d:\nodejs\freedom\node_modules\bcrypt\node_modules\bindings
171 verbose tar unpack C:\Users\mohammad.faizan\AppData\Roaming\npm-cache\nan\2.0.5\package.tgz
172 verbose tar unpacking to d:\nodejs\freedom\node_modules\bcrypt\node_modules\nan
173 silly gentlyRm d:\nodejs\freedom\node_modules\bcrypt\node_modules\nan is being purged
174 verbose gentlyRm don't care about contents; nuking d:\nodejs\freedom\node_modules\bcrypt\node_modules\nan
175 silly gunzTarPerm modes [ '777', '666' ]
176 silly gunzTarPerm modes [ '777', '666' ]
177 silly gunzTarPerm extractEntry package.json
178 silly gunzTarPerm modified mode [ 'package.json', 420, 438 ]
179 silly gunzTarPerm extractEntry package.json
180 silly gunzTarPerm modified mode [ 'package.json', 436, 438 ]
181 silly gunzTarPerm extractEntry README.md
182 silly gunzTarPerm modified mode [ 'README.md', 420, 438 ]
183 silly gunzTarPerm extractEntry bindings.js
184 silly gunzTarPerm modified mode [ 'bindings.js', 420, 438 ]
185 silly gunzTarPerm extractEntry README.md
186 silly gunzTarPerm modified mode [ 'README.md', 436, 438 ]
187 silly gunzTarPerm extractEntry include_dirs.js
188 silly gunzTarPerm modified mode [ 'include_dirs.js', 436, 438 ]
189 silly gunzTarPerm extractEntry nan_converters.h
190 silly gunzTarPerm modified mode [ 'nan_converters.h', 436, 438 ]
191 silly gunzTarPerm extractEntry LICENSE.md
192 silly gunzTarPerm modified mode [ 'LICENSE.md', 436, 438 ]
193 silly gunzTarPerm extractEntry .dntrc
194 silly gunzTarPerm modified mode [ '.dntrc', 436, 438 ]
195 silly gunzTarPerm extractEntry appveyor.yml
196 silly gunzTarPerm modified mode [ 'appveyor.yml', 436, 438 ]
197 silly gunzTarPerm extractEntry doc/new.md
198 silly gunzTarPerm modified mode [ 'doc/new.md', 436, 438 ]
199 silly gunzTarPerm extractEntry doc/.build.sh
200 silly gunzTarPerm modified mode [ 'doc/.build.sh', 509, 511 ]
201 verbose write writing to d:\nodejs\freedom\node_modules\bcrypt\node_modules\bindings\package.json
202 silly gunzTarPerm extractEntry doc/buffers.md
203 silly gunzTarPerm modified mode [ 'doc/buffers.md', 436, 438 ]
204 silly gunzTarPerm extractEntry doc/callback.md
205 silly gunzTarPerm modified mode [ 'doc/callback.md', 436, 438 ]
206 silly gunzTarPerm extractEntry doc/converters.md
207 silly gunzTarPerm modified mode [ 'doc/converters.md', 436, 438 ]
208 silly gunzTarPerm extractEntry doc/errors.md
209 silly gunzTarPerm modified mode [ 'doc/errors.md', 436, 438 ]
210 info preinstall bindings@1.2.1
211 verbose readDependencies loading dependencies from d:\nodejs\freedom\node_modules\bcrypt\node_modules\bindings\package.json
212 verbose readDependencies loading dependencies from d:\nodejs\freedom\node_modules\bcrypt\node_modules\bindings\package.json
213 silly gunzTarPerm extractEntry doc/maybe_types.md
214 silly gunzTarPerm modified mode [ 'doc/maybe_types.md', 436, 438 ]
215 silly gunzTarPerm extractEntry doc/methods.md
216 silly gunzTarPerm modified mode [ 'doc/methods.md', 436, 438 ]
217 silly install resolved []
218 verbose about to build d:\nodejs\freedom\node_modules\bcrypt\node_modules\bindings
219 info build d:\nodejs\freedom\node_modules\bcrypt\node_modules\bindings
220 info linkStuff bindings@1.2.1
221 silly linkStuff bindings@1.2.1 has d:\nodejs\freedom\node_modules\bcrypt\node_modules as its parent node_modules
222 silly gunzTarPerm extractEntry doc/asyncworker.md
223 silly gunzTarPerm modified mode [ 'doc/asyncworker.md', 436, 438 ]
224 silly gunzTarPerm extractEntry doc/node_misc.md
225 silly gunzTarPerm modified mode [ 'doc/node_misc.md', 436, 438 ]
226 verbose linkBins bindings@1.2.1
227 verbose linkMans bindings@1.2.1
228 verbose rebuildBundles bindings@1.2.1
229 info install bindings@1.2.1
230 info postinstall bindings@1.2.1
231 silly gunzTarPerm extractEntry doc/persistent.md
232 silly gunzTarPerm modified mode [ 'doc/persistent.md', 436, 438 ]
233 silly gunzTarPerm extractEntry doc/scopes.md
234 silly gunzTarPerm modified mode [ 'doc/scopes.md', 436, 438 ]
235 verbose unlock done using C:\Users\mohammad.faizan\AppData\Roaming\npm-cache\_locks\bindings-737590ae6d983e82.lock for d:\nodejs\freedom\node_modules\bcrypt\node_modules\bindings
236 silly gunzTarPerm extractEntry doc/script.md
237 silly gunzTarPerm modified mode [ 'doc/script.md', 436, 438 ]
238 silly gunzTarPerm extractEntry doc/string_bytes.md
239 silly gunzTarPerm modified mode [ 'doc/string_bytes.md', 436, 438 ]
240 silly gunzTarPerm extractEntry doc/v8_internals.md
241 silly gunzTarPerm modified mode [ 'doc/v8_internals.md', 436, 438 ]
242 silly gunzTarPerm extractEntry doc/v8_misc.md
243 silly gunzTarPerm modified mode [ 'doc/v8_misc.md', 436, 438 ]
244 silly gunzTarPerm extractEntry nan.h
245 silly gunzTarPerm modified mode [ 'nan.h', 436, 438 ]
246 silly gunzTarPerm extractEntry nan_callbacks.h
247 silly gunzTarPerm modified mode [ 'nan_callbacks.h', 436, 438 ]
248 silly gunzTarPerm extractEntry nan_callbacks_12_inl.h
249 silly gunzTarPerm modified mode [ 'nan_callbacks_12_inl.h', 436, 438 ]
250 silly gunzTarPerm extractEntry nan_callbacks_pre_12_inl.h
251 silly gunzTarPerm modified mode [ 'nan_callbacks_pre_12_inl.h', 436, 438 ]
252 silly gunzTarPerm extractEntry nan_converters_43_inl.h
253 silly gunzTarPerm modified mode [ 'nan_converters_43_inl.h', 436, 438 ]
254 silly gunzTarPerm extractEntry nan_converters_pre_43_inl.h
255 silly gunzTarPerm modified mode [ 'nan_converters_pre_43_inl.h', 436, 438 ]
256 silly gunzTarPerm extractEntry nan_implementation_12_inl.h
257 silly gunzTarPerm modified mode [ 'nan_implementation_12_inl.h', 436, 438 ]
258 silly gunzTarPerm extractEntry nan_implementation_pre_12_inl.h
259 silly gunzTarPerm modified mode [ 'nan_implementation_pre_12_inl.h', 436, 438 ]
260 silly gunzTarPerm extractEntry nan_maybe_43_inl.h
261 silly gunzTarPerm modified mode [ 'nan_maybe_43_inl.h', 436, 438 ]
262 silly gunzTarPerm extractEntry nan_maybe_pre_43_inl.h
263 silly gunzTarPerm modified mode [ 'nan_maybe_pre_43_inl.h', 436, 438 ]
264 silly gunzTarPerm extractEntry nan_new.h
265 silly gunzTarPerm modified mode [ 'nan_new.h', 436, 438 ]
266 silly gunzTarPerm extractEntry nan_object_wrap.h
267 silly gunzTarPerm modified mode [ 'nan_object_wrap.h', 436, 438 ]
268 silly gunzTarPerm extractEntry nan_persistent_12_inl.h
269 silly gunzTarPerm modified mode [ 'nan_persistent_12_inl.h', 436, 438 ]
270 silly gunzTarPerm extractEntry nan_persistent_pre_12_inl.h
271 silly gunzTarPerm modified mode [ 'nan_persistent_pre_12_inl.h', 436, 438 ]
272 silly gunzTarPerm extractEntry nan_string_bytes.h
273 silly gunzTarPerm modified mode [ 'nan_string_bytes.h', 436, 438 ]
274 silly gunzTarPerm extractEntry nan_weak.h
275 silly gunzTarPerm modified mode [ 'nan_weak.h', 436, 438 ]
276 silly gunzTarPerm extractEntry CHANGELOG.md
277 silly gunzTarPerm modified mode [ 'CHANGELOG.md', 436, 438 ]
278 silly gunzTarPerm extractEntry tools/package.json
279 silly gunzTarPerm modified mode [ 'tools/package.json', 436, 438 ]
280 silly gunzTarPerm extractEntry tools/README.md
281 silly gunzTarPerm modified mode [ 'tools/README.md', 436, 438 ]
282 silly gunzTarPerm extractEntry tools/1to2.js
283 silly gunzTarPerm modified mode [ 'tools/1to2.js', 509, 511 ]
284 verbose write writing to d:\nodejs\freedom\node_modules\bcrypt\node_modules\nan\package.json
285 info preinstall nan@2.0.5
286 verbose readDependencies loading dependencies from d:\nodejs\freedom\node_modules\bcrypt\node_modules\nan\package.json
287 verbose readDependencies loading dependencies from d:\nodejs\freedom\node_modules\bcrypt\node_modules\nan\package.json
288 silly install resolved []
289 verbose about to build d:\nodejs\freedom\node_modules\bcrypt\node_modules\nan
290 info build d:\nodejs\freedom\node_modules\bcrypt\node_modules\nan
291 info linkStuff nan@2.0.5
292 silly linkStuff nan@2.0.5 has d:\nodejs\freedom\node_modules\bcrypt\node_modules as its parent node_modules
293 verbose linkBins nan@2.0.5
294 verbose linkMans nan@2.0.5
295 verbose rebuildBundles nan@2.0.5
296 info install nan@2.0.5
297 info postinstall nan@2.0.5
298 verbose unlock done using C:\Users\mohammad.faizan\AppData\Roaming\npm-cache\_locks\nan-886f9dd9d8100b8e.lock for d:\nodejs\freedom\node_modules\bcrypt\node_modules\nan
299 verbose about to build d:\nodejs\freedom\node_modules\bcrypt
300 info build d:\nodejs\freedom\node_modules\bcrypt
301 info linkStuff bcrypt@0.8.5
302 silly linkStuff bcrypt@0.8.5 has d:\nodejs\freedom\node_modules as its parent node_modules
303 verbose linkBins bcrypt@0.8.5
304 verbose linkMans bcrypt@0.8.5
305 verbose rebuildBundles bcrypt@0.8.5
306 verbose rebuildBundles [ 'bindings', 'nan' ]
307 info install bcrypt@0.8.5
308 verbose unsafe-perm in lifecycle true
309 info bcrypt@0.8.5 Failed to exec install script
310 verbose unlock done using C:\Users\mohammad.faizan\AppData\Roaming\npm-cache\_locks\bcrypt-b7344966a30aabc8.lock for d:\nodejs\freedom\node_modules\bcrypt
311 verbose stack Error: bcrypt@0.8.5 install: `node-gyp rebuild`
311 verbose stack Exit status 1
311 verbose stack     at EventEmitter.<anonymous> (c:\Program Files\nodejs\node_modules\npm\lib\utils\lifecycle.js:214:16)
311 verbose stack     at emitTwo (events.js:87:13)
311 verbose stack     at EventEmitter.emit (events.js:172:7)
311 verbose stack     at ChildProcess.<anonymous> (c:\Program Files\nodejs\node_modules\npm\lib\utils\spawn.js:24:14)
311 verbose stack     at emitTwo (events.js:87:13)
311 verbose stack     at ChildProcess.emit (events.js:172:7)
311 verbose stack     at maybeClose (internal/child_process.js:818:16)
311 verbose stack     at Process.ChildProcess._handle.onexit (internal/child_process.js:211:5)
312 verbose pkgid bcrypt@0.8.5
313 verbose cwd d:\nodejs\freedom
314 error Windows_NT 6.1.7601
315 error argv "c:\\Program Files\\nodejs\\node.exe" "c:\\Program Files\\nodejs\\node_modules\\npm\\bin\\npm-cli.js" "install" "bcrypt" "--save"
316 error node v4.2.1
317 error npm  v2.14.7
318 error code ELIFECYCLE
319 error bcrypt@0.8.5 install: `node-gyp rebuild`
319 error Exit status 1
320 error Failed at the bcrypt@0.8.5 install script 'node-gyp rebuild'.
320 error This is most likely a problem with the bcrypt package,
320 error not with npm itself.
320 error Tell the author that this fails on your system:
320 error     node-gyp rebuild
320 error You can get their info via:
320 error     npm owner ls bcrypt
320 error There is likely additional logging output above.
321 verbose exit [ 1, true ]
322 verbose unbuild node_modules\bcrypt
323 info preuninstall bcrypt@0.8.5
324 info uninstall bcrypt@0.8.5
325 verbose unbuild rmStuff bcrypt@0.8.5 from d:\nodejs\freedom\node_modules
326 info postuninstall bcrypt@0.8.5
327 silly gentlyRm d:\nodejs\freedom\node_modules\bcrypt is being purged from base d:\nodejs\freedom
328 verbose gentlyRm don't care about contents; nuking d:\nodejs\freedom\node_modules\bcrypt
329 silly vacuum-fs purging d:\nodejs\freedom\node_modules\bcrypt
330 silly vacuum-fs quitting because other entries in d:\nodejs\freedom\node_modules
